Base path: G:/Unity 5/Editor/Data
Pipe name: \\.\pipe\UnityShaderCompiler-64bit-1-9328
Cmd: getPlatforms
Cmd: compileSnippet
  api=4 type=0 insize=13030 outsize=11024 kw=UNITY_COLORSPACE_GAMMA _SUNDISK_SIMPLE pd= ok=1
Cmd: compileSnippet
  api=4 type=1 insize=13030 outsize=1899 kw=UNITY_COLORSPACE_GAMMA _SUNDISK_SIMPLE pd= ok=1
Cmd: preprocess
  insize=11276 outsize=717 ok=1
Cmd: compileSnippet
  api=4 type=0 insize=10591 outsize=1006 kw= pd= ok=1
Cmd: compileSnippet
  api=4 type=1 insize=10591 outsize=1688 kw= pd= ok=1
Cmd: compileSnippet
  api=4 type=0 insize=10613 outsize=1006 kw= pd= ok=1
Cmd: compileSnippet
  api=4 type=1 insize=10613 outsize=9285 kw= pd= ok=1
Cmd: compileSnippet
  api=4 type=0 insize=10612 outsize=1006 kw= pd= ok=1
Cmd: compileSnippet
  api=4 type=1 insize=10612 outsize=9301 kw= pd= ok=1
Cmd: preprocess
  insize=1006 outsize=316 ok=1
Cmd: compileSnippet
  api=4 type=0 insize=995 outsize=1006 kw= pd= ok=1
Cmd: compileSnippet
  api=4 type=1 insize=995 outsize=973 kw= pd= ok=1
Cmd: preprocess
  insize=3615 outsize=712 ok=1
Cmd: compileSnippet
  api=4 type=0 insize=3140 outsize=1006 kw= pd= ok=1
Cmd: compileSnippet
  api=4 type=1 insize=3140 outsize=1355 kw= pd= ok=1
Cmd: compileSnippet
  api=4 type=0 insize=3138 outsize=1006 kw= pd= ok=1
Cmd: compileSnippet
  api=4 type=1 insize=3138 outsize=1225 kw= pd= ok=1
Cmd: compileSnippet
  api=4 type=0 insize=3183 outsize=1006 kw= pd= ok=1
Cmd: compileSnippet
  api=4 type=1 insize=3183 outsize=2801 kw= pd= ok=1
Cmd: preprocess
  error: 2 plat 18 at (40): Can't find include file frag_ao.cginc
  error: 2 plat 18 at (43): Can't find include file frag_ao.cginc
  error: 2 plat 18 at (46): Can't find include file frag_ao.cginc
  error: 2 plat 18 at (49): Can't find include file frag_ao.cginc
  error: 2 plat 18 at (53): Can't find include file frag_ao.cginc
  insize=6551 outsize=798 ok=0
Cmd: preprocess
  insize=1173 outsize=314 ok=1
Cmd: compileSnippet
  api=4 type=0 insize=1164 outsize=1753 kw= pd= ok=1
Cmd: compileSnippet
  api=4 type=1 insize=1164 outsize=1412 kw= pd= ok=1
Cmd: preprocess
  insize=2636 outsize=773 ok=1
Cmd: compileSnippet
  api=4 type=0 insize=1965 outsize=1355 kw= pd= ok=1
Cmd: compileSnippet
  api=4 type=1 insize=1965 outsize=1217 kw= pd= ok=1
Cmd: compileSnippet
  api=4 type=0 insize=1962 outsize=1355 kw= pd= ok=1
Cmd: compileSnippet
  api=4 type=1 insize=1962 outsize=949 kw= pd= ok=1
Cmd: compileSnippet
  api=4 type=0 insize=1975 outsize=1656 kw= pd= ok=1
Cmd: compileSnippet
  api=4 type=1 insize=1975 outsize=1323 kw= pd= ok=1
Cmd: compileSnippet
  api=4 type=0 insize=1974 outsize=1355 kw= pd= ok=1
Cmd: compileSnippet
  api=4 type=1 insize=1974 outsize=868 kw= pd= ok=1
Cmd: preprocess
  insize=968 outsize=305 ok=1
Cmd: compileSnippet
  api=4 type=0 insize=968 outsize=1006 kw= pd= ok=1
Cmd: compileSnippet
  api=4 type=1 insize=968 outsize=1006 kw= pd= ok=1
Cmd: preprocess
  insize=1268 outsize=329 ok=1
Cmd: compileSnippet
  api=4 type=0 insize=1244 outsize=1314 kw= pd= ok=1
Cmd: compileSnippet
  api=4 type=1 insize=1244 outsize=1444 kw= pd= ok=1
Cmd: preprocess
  insize=32636 outsize=273 ok=1
Cmd: compileSnippet
  api=4 type=0 insize=32665 outsize=1006 kw= pd= ok=1
Cmd: compileSnippet
  api=4 type=1 insize=32665 outsize=10764 kw= pd= ok=1
Cmd: preprocess
  insize=3601 outsize=704 ok=1
Cmd: compileSnippet
  api=4 type=0 insize=2929 outsize=1859 kw= pd= ok=1
Cmd: compileSnippet
  api=4 type=1 insize=2929 outsize=2314 kw= pd= ok=1
Cmd: compileSnippet
  api=4 type=0 insize=2920 outsize=1859 kw= pd= ok=1
Cmd: compileSnippet
  api=4 type=1 insize=2920 outsize=1721 kw= pd= ok=1
Cmd: compileSnippet
  api=4 type=0 insize=2919 outsize=1859 kw= pd= ok=1
Cmd: compileSnippet
  api=4 type=1 insize=2919 outsize=1769 kw= pd= ok=1
Cmd: compileSnippet
  api=4 type=0 insize=2931 outsize=1859 kw= pd= ok=1
Cmd: compileSnippet
  api=4 type=1 insize=2931 outsize=2249 kw= pd= ok=1
Cmd: preprocess
  insize=1692 outsize=302 ok=1
Cmd: compileSnippet
  api=4 type=0 insize=1695 outsize=1753 kw= pd= ok=1
Cmd: compileSnippet
  api=4 type=1 insize=1695 outsize=2371 kw= pd= ok=1
Cmd: preprocess
  insize=27271 outsize=4693 ok=1
Cmd: compileSnippet
  api=4 type=0 insize=19248 outsize=1314 kw= pd= ok=1
Cmd: compileSnippet
  api=4 type=1 insize=19248 outsize=1436 kw= pd= ok=1
Cmd: compileSnippet
  api=4 type=0 insize=19254 outsize=2111 kw= pd= ok=1
Cmd: compileSnippet
  api=4 type=1 insize=19254 outsize=3931 kw= pd= ok=1
Cmd: compileSnippet
  api=4 type=0 insize=19257 outsize=2111 kw= pd= ok=1
Cmd: compileSnippet
  api=4 type=1 insize=19257 outsize=7587 kw= pd= ok=1
Cmd: compileSnippet
  api=4 type=0 insize=19236 outsize=1314 kw= pd= ok=1
Cmd: compileSnippet
  api=4 type=1 insize=19236 outsize=664 kw= pd= ok=1
Cmd: compileSnippet
  api=4 type=0 insize=19252 outsize=1314 kw= pd= ok=1
Cmd: compileSnippet
  api=4 type=1 insize=19252 outsize=1428 kw= pd= ok=1
Cmd: compileSnippet
  api=4 type=0 insize=19239 outsize=1314 kw= pd= ok=1
Cmd: compileSnippet
  api=4 type=1 insize=19239 outsize=2574 kw= pd= ok=1
Cmd: compileSnippet
  api=4 type=0 insize=19250 outsize=1314 kw= pd= ok=1
Cmd: compileSnippet
  api=4 type=1 insize=19250 outsize=2111 kw= pd= ok=1
Cmd: compileSnippet
  api=4 type=0 insize=19246 outsize=1314 kw= pd= ok=1
Cmd: compileSnippet
  api=4 type=1 insize=19246 outsize=843 kw= pd= ok=1
Cmd: compileSnippet
  api=4 type=0 insize=19256 outsize=1314 kw= pd= ok=1
Cmd: compileSnippet
  api=4 type=1 insize=19256 outsize=1501 kw= pd= ok=1
Cmd: compileSnippet
  api=4 type=0 insize=19249 outsize=1314 kw= pd= ok=1
Cmd: compileSnippet
  api=4 type=1 insize=19249 outsize=1233 kw= pd= ok=1
Cmd: compileSnippet
  api=4 type=0 insize=19256 outsize=1314 kw= pd= ok=1
Cmd: compileSnippet
  api=4 type=1 insize=19256 outsize=1818 kw= pd= ok=1
Cmd: compileSnippet
  api=4 type=0 insize=19244 outsize=1314 kw= pd= ok=1
Cmd: compileSnippet
  error: 1 plat 4 at (92): gradient-based operations must be moved out of flow control to prevent divergence. Performance may improve by using a non-gradient operation\nCompiling Fragment program
  error: 1 plat 4 at (168): gradient-based operations must be moved out of flow control to prevent divergence. Performance may improve by using a non-gradient operation\nCompiling Fragment program
  api=4 type=1 insize=19244 outsize=3102 kw= pd= ok=1
Cmd: compileSnippet
  api=4 type=0 insize=19253 outsize=1314 kw= pd= ok=1
Cmd: compileSnippet
  api=4 type=1 insize=19253 outsize=3500 kw= pd= ok=1
Cmd: compileSnippet
  api=4 type=0 insize=19240 outsize=1314 kw= pd= ok=1
Cmd: compileSnippet
  api=4 type=1 insize=19240 outsize=1558 kw= pd= ok=1
Cmd: compileSnippet
  api=4 type=0 insize=19255 outsize=1314 kw= pd= ok=1
Cmd: compileSnippet
  api=4 type=1 insize=19255 outsize=1046 kw= pd= ok=1
Cmd: compileSnippet
  api=4 type=0 insize=19245 outsize=1314 kw= pd= ok=1
Cmd: compileSnippet
  api=4 type=1 insize=19245 outsize=1404 kw= pd= ok=1
Cmd: compileSnippet
  api=4 type=0 insize=19238 outsize=1314 kw= pd= ok=1
Cmd: compileSnippet
  api=4 type=1 insize=19238 outsize=859 kw= pd= ok=1
Cmd: compileSnippet
  api=4 type=0 insize=19245 outsize=1314 kw= pd= ok=1
Cmd: compileSnippet
  error: 1 plat 4 at (97): gradient-based operations must be moved out of flow control to prevent divergence. Performance may improve by using a non-gradient operation\nCompiling Fragment program
  error: 1 plat 4 at (200): gradient-based operations must be moved out of flow control to prevent divergence. Performance may improve by using a non-gradient operation\nCompiling Fragment program
  api=4 type=1 insize=19245 outsize=3858 kw= pd= ok=1
Cmd: compileSnippet
  api=4 type=0 insize=19253 outsize=1314 kw= pd= ok=1
Cmd: compileSnippet
  api=4 type=1 insize=19253 outsize=3760 kw= pd= ok=1
Cmd: compileSnippet
  api=4 type=0 insize=19263 outsize=2111 kw= pd= ok=1
Cmd: compileSnippet
  api=4 type=1 insize=19263 outsize=4670 kw= pd= ok=1
Cmd: compileSnippet
  api=4 type=0 insize=19241 outsize=1314 kw= pd= ok=1
Cmd: compileSnippet
  api=4 type=1 insize=19241 outsize=778 kw= pd= ok=1
Cmd: compileSnippet
  api=4 type=0 insize=19243 outsize=1314 kw= pd= ok=1
Cmd: compileSnippet
  api=4 type=1 insize=19243 outsize=2574 kw= pd= ok=1
Cmd: compileSnippet
  api=4 type=0 insize=19261 outsize=1314 kw= pd= ok=1
Cmd: compileSnippet
  api=4 type=1 insize=19261 outsize=664 kw= pd= ok=1
Cmd: preprocess
  insize=1737 outsize=297 ok=1
Cmd: compileSnippet
  api=4 type=0 insize=1742 outsize=1729 kw= pd= ok=1
Cmd: compileSnippet
  api=4 type=1 insize=1742 outsize=4629 kw= pd= ok=1
Cmd: preprocess
  insize=32646 outsize=272 ok=1
Cmd: compileSnippet
  api=4 type=0 insize=32675 outsize=1006 kw= pd= ok=1
Cmd: compileSnippet
  api=4 type=1 insize=32675 outsize=10699 kw= pd= ok=1
Cmd: preprocess
  insize=5149 outsize=1741 ok=1
Cmd: compileSnippet
  api=4 type=0 insize=3712 outsize=1769 kw= pd= ok=1
Cmd: compileSnippet
  api=4 type=1 insize=3712 outsize=6961 kw= pd= ok=1
Cmd: preprocess
  insize=6801 outsize=255 ok=1
Cmd: compileSnippet
  api=4 type=0 insize=6848 outsize=1396 kw= pd= ok=1
Cmd: compileSnippet
  api=4 type=1 insize=6848 outsize=4434 kw= pd= ok=1
Cmd: preprocess
  insize=4528 outsize=555 ok=1
Cmd: compileSnippet
  api=4 type=0 insize=4182 outsize=2216 kw= pd= ok=1
Cmd: compileSnippet
  api=4 type=1 insize=4182 outsize=7043 kw= pd= ok=1
Cmd: compileSnippet
  api=4 type=0 insize=4186 outsize=2216 kw= pd= ok=1
Cmd: compileSnippet
  api=4 type=1 insize=4186 outsize=6108 kw= pd= ok=1
Cmd: preprocess
  insize=5752 outsize=1269 ok=1
Cmd: compileSnippet
  api=4 type=0 insize=4241 outsize=1444 kw= pd= ok=1
Cmd: compileSnippet
  api=4 type=1 insize=4241 outsize=3208 kw= pd= ok=1
Cmd: compileSnippet
  error: 1 plat 4 at (72): Output value 'vertApply' is not completely initialized\nCompiling Vertex program
  api=4 type=0 insize=3327 outsize=1201 kw= pd= ok=1
Cmd: compileSnippet
  api=4 type=1 insize=3327 outsize=1672 kw= pd= ok=1
Cmd: compileSnippet
  api=4 type=4 insize=3327 outsize=3606 kw= pd= ok=1
Cmd: compileSnippet
  error: 1 plat 4 at (72): Output value 'vertApply' is not completely initialized\nCompiling Vertex program
  api=4 type=0 insize=3327 outsize=1201 kw= pd= ok=1
Cmd: compileSnippet
  api=4 type=1 insize=3327 outsize=1672 kw= pd= ok=1
Cmd: compileSnippet
  api=4 type=4 insize=3327 outsize=3606 kw= pd= ok=1
Cmd: preprocess
  insize=3918 outsize=651 ok=1
Cmd: compileSnippet
  api=4 type=0 insize=3312 outsize=1006 kw= pd= ok=1
Cmd: compileSnippet
  api=4 type=1 insize=3312 outsize=1274 kw= pd= ok=1
Cmd: compileSnippet
  api=4 type=0 insize=3319 outsize=2151 kw= pd= ok=1
Cmd: compileSnippet
  api=4 type=1 insize=3319 outsize=1851 kw= pd= ok=1
Cmd: compileSnippet
  api=4 type=0 insize=3328 outsize=2135 kw= pd= ok=1
Cmd: compileSnippet
  api=4 type=1 insize=3328 outsize=2208 kw= pd= ok=1
Cmd: compileSnippet
  api=4 type=0 insize=3323 outsize=2135 kw= pd= ok=1
Cmd: compileSnippet
  api=4 type=1 insize=3323 outsize=2419 kw= pd= ok=1
Cmd: preprocess
  insize=1339 outsize=296 ok=1
Cmd: compileSnippet
  api=4 type=0 insize=1347 outsize=1574 kw= pd= ok=1
Cmd: compileSnippet
  api=4 type=1 insize=1347 outsize=1956 kw= pd= ok=1
Cmd: preprocess
  insize=724 outsize=315 ok=1
Cmd: compileSnippet
  api=4 type=0 insize=714 outsize=1006 kw= pd= ok=1
Cmd: compileSnippet
  api=4 type=1 insize=714 outsize=729 kw= pd= ok=1
Cmd: compileSnippet
  api=4 type=0 insize=541 outsize=3533 kw=SHADOWS_DEPTH pd= ok=1
Cmd: compileSnippet
  api=4 type=1 insize=541 outsize=453 kw=SHADOWS_DEPTH pd= ok=1
Cmd: compileSnippet
  api=4 type=0 insize=7342 outsize=4938 kw=DIRECTIONAL SHADOWS_OFF LIGHTMAP_OFF DIRLIGHTMAP_OFF DYNAMICLIGHTMAP_OFF pd= ok=1
Cmd: compileSnippet
  api=4 type=1 insize=7342 outsize=2054 kw=DIRECTIONAL SHADOWS_OFF LIGHTMAP_OFF DIRLIGHTMAP_OFF DYNAMICLIGHTMAP_OFF pd= ok=1
Cmd: compileSnippet
  api=4 type=0 insize=4779 outsize=4020 kw=DIRECTIONAL pd= ok=1
Cmd: compileSnippet
  api=4 type=1 insize=4779 outsize=1956 kw=DIRECTIONAL pd= ok=1
Cmd: compileSnippet
  api=4 type=0 insize=7354 outsize=3752 kw=DIRECTIONAL SHADOWS_OFF LIGHTMAP_OFF DIRLIGHTMAP_OFF DYNAMICLIGHTMAP_OFF pd= ok=1
Cmd: compileSnippet
  api=4 type=1 insize=7354 outsize=2501 kw=DIRECTIONAL SHADOWS_OFF LIGHTMAP_OFF DIRLIGHTMAP_OFF DYNAMICLIGHTMAP_OFF pd= ok=1
Cmd: compileSnippet
  api=4 type=0 insize=3926 outsize=2753 kw=DIRECTIONAL pd= ok=1
Cmd: compileSnippet
  api=4 type=1 insize=3926 outsize=2151 kw=DIRECTIONAL pd= ok=1
Cmd: compileSnippet
  api=4 type=0 insize=7608 outsize=4784 kw=DIRECTIONAL SHADOWS_OFF LIGHTMAP_OFF DIRLIGHTMAP_OFF DYNAMICLIGHTMAP_OFF pd= ok=1
Cmd: compileSnippet
  api=4 type=1 insize=7608 outsize=3476 kw=DIRECTIONAL SHADOWS_OFF LIGHTMAP_OFF DIRLIGHTMAP_OFF DYNAMICLIGHTMAP_OFF pd= ok=1
Cmd: compileSnippet
  api=4 type=0 insize=5003 outsize=4020 kw=DIRECTIONAL pd= ok=1
Cmd: compileSnippet
  api=4 type=1 insize=5003 outsize=2907 kw=DIRECTIONAL pd= ok=1
Cmd: compileSnippet
  api=4 type=0 insize=1333 outsize=1404 kw= pd= ok=1
Cmd: compileSnippet
  api=4 type=1 insize=1333 outsize=1168 kw= pd= ok=1
Cmd: compileSnippet
  api=4 type=0 insize=1329 outsize=1404 kw= pd= ok=1
Cmd: compileSnippet
  api=4 type=1 insize=1329 outsize=1168 kw= pd= ok=1
Cmd: compileSnippet
  api=4 type=0 insize=1329 outsize=1404 kw= pd= ok=1
Cmd: compileSnippet
  api=4 type=1 insize=1329 outsize=1168 kw= pd= ok=1
Cmd: compileSnippet
  api=4 type=0 insize=1333 outsize=1404 kw= pd= ok=1
Cmd: compileSnippet
  api=4 type=1 insize=1333 outsize=1168 kw= pd= ok=1
Cmd: compileSnippet
  api=4 type=0 insize=1321 outsize=1404 kw= pd= ok=1
Cmd: compileSnippet
  api=4 type=1 insize=1321 outsize=1168 kw= pd= ok=1
Cmd: compileSnippet
  api=4 type=0 insize=1331 outsize=1404 kw= pd= ok=1
Cmd: compileSnippet
  api=4 type=1 insize=1331 outsize=1168 kw= pd= ok=1
Cmd: compileSnippet
  api=4 type=0 insize=6895 outsize=3663 kw=DIRECTIONAL SHADOWS_OFF LIGHTMAP_OFF DIRLIGHTMAP_OFF DYNAMICLIGHTMAP_OFF pd= ok=1
Cmd: compileSnippet
  api=4 type=1 insize=6895 outsize=1314 kw=DIRECTIONAL SHADOWS_OFF LIGHTMAP_OFF DIRLIGHTMAP_OFF DYNAMICLIGHTMAP_OFF pd= ok=1
Cmd: compileSnippet
  api=4 type=0 insize=3666 outsize=2753 kw=DIRECTIONAL pd= ok=1
Cmd: compileSnippet
  api=4 type=1 insize=3666 outsize=1168 kw=DIRECTIONAL pd= ok=1
Cmd: compileSnippet
  api=4 type=0 insize=4587 outsize=4093 kw= pd= ok=1
Cmd: compileSnippet
  api=4 type=1 insize=4587 outsize=998 kw= pd= ok=1
Cmd: compileSnippet
  api=4 type=0 insize=1642 outsize=1290 kw=SOFTPARTICLES_OFF pd= ok=1
Cmd: compileSnippet
  api=4 type=1 insize=1642 outsize=924 kw=SOFTPARTICLES_OFF pd= ok=1
Cmd: compileSnippet
  api=4 type=0 insize=751 outsize=3533 kw=SHADOWS_DEPTH pd= ok=1
Cmd: compileSnippet
  api=4 type=1 insize=751 outsize=380 kw=SHADOWS_DEPTH pd= ok=1
Cmd: compileSnippet
  api=4 type=0 insize=982 outsize=3979 kw=DIRECTIONAL SHADOWS_OFF LIGHTMAP_OFF DIRLIGHTMAP_OFF DYNAMICLIGHTMAP_OFF pd= ok=1
Cmd: compileSnippet
  api=4 type=1 insize=982 outsize=10618 kw=DIRECTIONAL SHADOWS_OFF LIGHTMAP_OFF DIRLIGHTMAP_OFF DYNAMICLIGHTMAP_OFF pd= ok=1
Cmd: compileSnippet
  api=4 type=0 insize=938 outsize=4101 kw=DIRECTIONAL SHADOWS_OFF pd= ok=1
Cmd: compileSnippet
  api=4 type=1 insize=938 outsize=5515 kw=DIRECTIONAL SHADOWS_OFF pd= ok=1
Cmd: compileSnippet
  api=4 type=0 insize=6895 outsize=5117 kw=DIRECTIONAL SHADOWS_OFF LIGHTMAP_OFF DIRLIGHTMAP_OFF DYNAMICLIGHTMAP_OFF VERTEXLIGHT_ON pd= ok=1
Cmd: compileSnippet
  api=4 type=0 insize=7608 outsize=6198 kw=DIRECTIONAL SHADOWS_OFF LIGHTMAP_OFF DIRLIGHTMAP_OFF DYNAMICLIGHTMAP_OFF VERTEXLIGHT_ON pd= ok=1
Cmd: compileSnippet
  api=4 type=0 insize=5003 outsize=4020 kw=POINT pd= ok=1
Cmd: compileSnippet
  api=4 type=1 insize=5003 outsize=3646 kw=POINT pd= ok=1
Cmd: compileSnippet
  api=4 type=0 insize=3666 outsize=2753 kw=POINT pd= ok=1
Cmd: compileSnippet
  api=4 type=1 insize=3666 outsize=1948 kw=POINT pd= ok=1
Cmd: compileSnippet
  api=4 type=0 insize=4779 outsize=4020 kw=POINT pd= ok=1
Cmd: compileSnippet
  api=4 type=1 insize=4779 outsize=2736 kw=POINT pd= ok=1
Cmd: compileSnippet
  api=4 type=0 insize=4587 outsize=4833 kw=POINT pd= ok=1
Cmd: compileSnippet
  api=4 type=1 insize=4587 outsize=998 kw=POINT pd= ok=1
Cmd: compileSnippet
  api=4 type=0 insize=3926 outsize=2753 kw=POINT pd= ok=1
Cmd: compileSnippet
  api=4 type=1 insize=3926 outsize=2858 kw=POINT pd= ok=1
Cmd: compileSnippet
  api=4 type=0 insize=7608 outsize=5174 kw=DIRECTIONAL SHADOWS_SCREEN LIGHTMAP_OFF DIRLIGHTMAP_OFF DYNAMICLIGHTMAP_OFF pd= ok=1
Cmd: compileSnippet
  api=4 type=1 insize=7608 outsize=3784 kw=DIRECTIONAL SHADOWS_SCREEN LIGHTMAP_OFF DIRLIGHTMAP_OFF DYNAMICLIGHTMAP_OFF pd= ok=1
